JvmtiExport can_access_local_variables 0
JvmtiExport can_hotswap_or_post_breakpoint 0
JvmtiExport can_post_on_exceptions 0
# 699 ciObject found
ciMethod java/lang/Object <init> ()V 4097 1 220613 0 0
ciMethod java/lang/Object hashCode ()I 2049 1 256 0 -1
ciMethod java/lang/Object equals (Ljava/lang/Object;)Z 3081 1 5128 0 -1
ciMethod java/lang/Object clone ()Ljava/lang/Object; 2049 1 256 0 -1
ciMethod java/lang/String <init> ([CII)V 2073 1 5434 0 544
ciMethod java/lang/String <init> ([BIILjava/lang/String;)V 2145 1 590 0 -1
ciMethod java/lang/String <init> ([CZ)V 1753 1 8489 0 64
ciMethod java/lang/String length ()I 4097 1 83900 0 64
ciMethod java/lang/String charAt (I)C 4097 1 324911 0 128
ciMethod java/lang/String codePointAt (I)I 1 1 429 0 -1
ciMethod java/lang/String getChars ([CI)V 2057 1 5403 0 0
ciMethod java/lang/String equals (Ljava/lang/Object;)Z 2033 9633 3382 0 -1
ciMethod java/lang/String equalsIgnoreCase (Ljava/lang/String;)Z 2217 1 5421 0 1120
ciMethod java/lang/String regionMatches (ZILjava/lang/String;II)Z 2113 7121 5416 0 1984
ciMethod java/lang/String startsWith (Ljava/lang/String;I)Z 2481 713 5519 0 384
ciMethod java/lang/String startsWith (Ljava/lang/String;)Z 2337 1 27534 0 -1
ciMethod java/lang/String endsWith (Ljava/lang/String;)Z 2177 1 17222 0 0
ciMethod java/lang/String hashCode ()I 2793 32769 1406 0 320
ciMethod java/lang/String indexOf (I)I 2057 1 18655 0 -1
ciMethod java/lang/String indexOf (II)I 865 25017 3708 0 -1
ciMethod java/lang/String indexOfSupplementary (II)I 0 0 1 0 -1
ciMethod java/lang/String lastIndexOf (I)I 2105 1 11925 0 0
ciMethod java/lang/String lastIndexOf (II)I 897 41953 830 0 288
ciMethod java/lang/String lastIndexOfSupplementary (II)I 0 0 1 0 -1
ciMethod java/lang/String substring (II)Ljava/lang/String; 2057 1 5411 0 768
ciMethod java/lang/String concat (Ljava/lang/String;)Ljava/lang/String; 2057 1 5391 0 800
ciMethod java/lang/String replace (CC)Ljava/lang/String; 849 66481 797 0 1056
ciMethod java/lang/String toUpperCase (Ljava/util/Locale;)Ljava/lang/String; 905 25849 885 0 -1
ciMethod java/lang/String toCharArray ()[C 3073 1 9738 0 0
ciMethod java/lang/ClassLoader preDefineClass (Ljava/lang/String;Ljava/security/ProtectionDomain;)Ljava/security/ProtectionDomain; 3121 1 1907 0 -1
ciMethod java/lang/ClassLoader defineClassSourceLocation (Ljava/security/ProtectionDomain;)Ljava/lang/String; 3145 1 1907 0 -1
ciMethod java/lang/ClassLoader postDefineClass (Ljava/lang/Class;Ljava/security/ProtectionDomain;)V 3153 1 1906 0 -1
ciMethod java/lang/ClassLoader defineClass (Ljava/lang/String;[BIILjava/security/ProtectionDomain;)Ljava/lang/Class; 2073 1 1855 0 -1
ciMethod java/lang/ClassLoader defineClass1 (Ljava/lang/String;[BIILjava/security/ProtectionDomain;Ljava/lang/String;)Ljava/lang/Class; 4105 1 513 0 -1
ciMethod java/lang/ClassLoader checkName (Ljava/lang/String;)Z 2049 1 5392 0 -1
ciMethod java/lang/ClassLoader checkCerts (Ljava/lang/String;Ljava/security/CodeSource;)V 3129 1 1907 0 -1
ciMethod java/lang/ClassLoader definePackage (Ljava/lang/String;Ljava/lang/String;Ljava/lang/String;Ljava/lang/String;Ljava/lang/String;Ljava/lang/String;Ljava/lang/String;Ljava/net/URL;)Ljava/lang/Package; 417 1 210 0 0
ciMethod java/lang/ClassLoader getPackage (Ljava/lang/String;)Ljava/lang/Package; 2049 1 2856 0 0
ciMethod java/lang/System nanoTime ()J 2049 1 256 0 -1
ciMethod java/lang/System arraycopy (Ljava/lang/Object;ILjava/lang/Object;II)V 7169 1 896 0 -1
ciMethod java/lang/Throwable <init> (Ljava/lang/String;Ljava/lang/Throwable;)V 2049 1 5381 0 -1
ciMethod java/lang/Throwable printStackTrace ()V 0 0 1 0 -1
ciMethod java/lang/Throwable fillInStackTrace ()Ljava/lang/Throwable; 2145 1 9322 0 -1
ciMethod java/lang/Throwable addSuppressed (Ljava/lang/Throwable;)V 0 0 1 0 -1
ciMethod java/lang/Exception <init> (Ljava/lang/String;Ljava/lang/Throwable;)V 2049 1 5381 0 -1
ciMethod java/security/ProtectionDomain <init> (Ljava/security/CodeSource;Ljava/security/PermissionCollection;Ljava/lang/ClassLoader;[Ljava/security/Principal;)V 169 1 63 0 -1
ciMethod java/security/ProtectionDomain getCodeSource ()Ljava/security/CodeSource; 1089 1 136 0 -1
ciMethod java/lang/ClassNotFoundException <init> (Ljava/lang/String;)V 2049 1 5381 0 -1
ciMethod java/lang/ClassNotFoundException <init> (Ljava/lang/String;Ljava/lang/Throwable;)V 0 0 1 0 -1
ciMethod java/lang/ReflectiveOperationException <init> (Ljava/lang/String;Ljava/lang/Throwable;)V 2049 1 5381 0 -1
ciMethod java/lang/NoClassDefFoundError <init> (Ljava/lang/String;)V 17 1 2 0 -1
ciMethod java/lang/ref/Reference get ()Ljava/lang/Object; 2089 1 261 0 -1
ciMethod java/lang/ref/Reference <init> (Ljava/lang/Object;)V 1457 1 1982 0 0
ciMethod java/lang/ref/Reference <init> (Ljava/lang/Object;Ljava/lang/ref/ReferenceQueue;)V 2049 1 10142 0 96
ciMethod java/lang/ref/SoftReference <init> (Ljava/lang/Object;)V 1385 1 587 0 0
ciMethod java/lang/ref/SoftReference get ()Ljava/lang/Object; 2057 1 8639 0 0
ciMethod java/lang/ref/WeakReference <init> (Ljava/lang/Object;Ljava/lang/ref/ReferenceQueue;)V 2049 1 4754 0 0
ciMethod java/lang/Thread currentThread ()Ljava/lang/Thread; 3073 1 384 0 -1
ciMethod java/lang/Thread interrupt ()V 0 0 1 0 0
ciMethod java/lang/Thread interrupted ()Z 3097 1 2480 0 0
ciMethod java/lang/Thread isInterrupted (Z)Z 3073 1 384 0 -1
ciMethod java/lang/Thread checkAccess ()V 113 1 14 0 -1
ciMethod java/lang/Thread holdsLock (Ljava/lang/Object;)Z 0 0 1 0 -1
ciMethod java/lang/Thread interrupt0 ()V 0 0 1 0 -1
ciMethod java/util/Map get (Ljava/lang/Object;)Ljava/lang/Object; 0 0 1 0 -1
ciMethod java/util/Map put (Ljava/lang/Object;Ljava/lang/Object;)Ljava/lang/Object; 0 0 1 0 -1
ciMethod java/util/Map remove (Ljava/lang/Object;)Ljava/lang/Object; 0 0 1 0 -1
ciMethod java/util/Hashtable <init> (IF)V 2041 1 238 0 0
ciMethod java/util/Hashtable <init> (I)V 337 1 39 0 0
ciMethod java/util/Hashtable <init> ()V 1705 1 199 0 0
ciMethod java/util/Dictionary <init> ()V 2041 1 238 0 0
ciMethod java/lang/StringBuilder <init> ()V 617 1 12137 0 -1
ciMethod java/lang/StringBuilder append (Ljava/lang/Object;)Ljava/lang/StringBuilder; 473 1 157 0 -1
ciMethod java/lang/StringBuilder append (Ljava/lang/String;)Ljava/lang/StringBuilder; 1241 1 39720 0 -1
ciMethod java/lang/StringBuilder toString ()Ljava/lang/String; 657 1 15627 0 -1
ciMethod java/nio/Buffer position ()I 1033 1 129 0 0
ciMethod java/nio/Buffer position (I)Ljava/nio/Buffer; 1201 1 12486 0 -1
ciMethod java/nio/Buffer remaining ()I 233 1 261 0 -1
ciMethod java/nio/Buffer hasRemaining ()Z 377 1 203 0 -1
ciMethod java/lang/Character isSurrogate (C)Z 1 1 535 0 -1
ciMethod java/lang/Character charCount (I)I 25 1 6008 0 -1
ciMethod java/lang/Character toChars (I[CI)I 0 0 1 0 -1
ciMethod java/lang/Character toChars (I)[C 0 0 1 0 -1
ciMethod java/lang/Character toLowerCase (C)C 2073 1 8918 0 0
ciMethod java/lang/Character toLowerCase (I)I 4097 1 21150 0 0
ciMethod java/lang/Character toUpperCase (C)C 881 1 7059 0 0
ciMethod java/lang/Character toUpperCase (I)I 881 1 7059 0 0
ciMethod java/lang/Character toUpperCaseEx (I)I 2561 1 23036 0 -1
ciMethod java/lang/Character toUpperCaseCharArray (I)[C 0 0 1 0 -1
ciMethod java/lang/Float isNaN (F)Z 2049 1 2144 0 0
ciMethod java/lang/Float floatToRawIntBits (F)I 41 1 3 0 -1
ciMethod java/lang/NullPointerException <init> ()V 0 0 6 0 -1
ciMethod java/lang/NullPointerException <init> (Ljava/lang/String;)V 0 0 1 0 -1
ciMethod java/util/Comparator compare (Ljava/lang/Object;Ljava/lang/Object;)I 0 0 1 0 -1
ciMethod java/security/AccessController doPrivileged (Ljava/security/PrivilegedAction;)Ljava/lang/Object; 2049 1 256 0 -1
ciMethod java/util/AbstractList <init> ()V 2177 1 9941 0 0
ciMethod java/util/AbstractCollection <init> ()V 553 1 14786 0 0
ciMethod java/lang/ref/ReferenceQueue poll ()Ljava/lang/ref/Reference; 3145 1 8836 0 -1
ciMethod sun/misc/VM allowArraySyntax ()Z 2049 1 5392 0 -1
ciMethod java/lang/Math max (II)I 2353 1 7519 0 -1
ciMethod java/lang/Math min (II)I 3073 1 65750 0 -1
ciMethod java/lang/Math min (FF)F 2049 1 336 0 0
ciMethod java/nio/charset/Charset atBugLevel (Ljava/lang/String;)Z 1409 1 175 0 -1
ciMethod java/nio/charset/Charset newEncoder ()Ljava/nio/charset/CharsetEncoder; 0 0 1 0 -1
ciMethod java/util/AbstractMap <init> ()V 705 1 7309 0 0
ciMethod java/util/ArrayList <init> ()V 1897 1 5557 0 64
ciMethod java/util/HashMap hash (Ljava/lang/Object;)I 2217 1 27268 0 0
ciMethod java/util/HashMap tableSizeFor (I)I 1721 1 2678 0 0
ciMethod java/util/HashMap <init> (IF)V 617 1 1816 0 0
ciMethod java/util/HashMap <init> (I)V 521 1 1373 0 0
ciMethod java/util/HashMap <init> ()V 217 1 5250 0 0
ciMethod java/util/HashMap get (Ljava/lang/Object;)Ljava/lang/Object; 2081 1 8115 0 0
ciMethod java/util/HashMap getNode (ILjava/lang/Object;)Ljava/util/HashMap$Node; 2049 41 5392 0 480
ciMethod java/util/HashMap put (Ljava/lang/Object;Ljava/lang/Object;)Ljava/lang/Object; 2113 1 6435 0 -1
ciMethod java/util/WeakHashMap newTable (I)[Ljava/util/WeakHashMap$Entry; 745 1 87 0 -1
ciMethod java/util/WeakHashMap maskNull (Ljava/lang/Object;)Ljava/lang/Object; 2057 1 6215 0 0
ciMethod java/util/WeakHashMap eq (Ljava/lang/Object;Ljava/lang/Object;)Z 2041 1 2173 0 -1
ciMethod java/util/WeakHashMap hash (Ljava/lang/Object;)I 2057 1 6215 0 0
ciMethod java/util/WeakHashMap indexFor (II)I 3073 1 6217 0 0
ciMethod java/util/WeakHashMap expungeStaleEntries ()V 3073 1 5514 0 2368
ciMethod java/util/WeakHashMap getTable ()[Ljava/util/WeakHashMap$Entry; 3073 1 6215 0 0
ciMethod java/util/WeakHashMap put (Ljava/lang/Object;Ljava/lang/Object;)Ljava/lang/Object; 2049 17 2021 0 0
ciMethod java/util/WeakHashMap resize (I)V 0 0 1 0 0
ciMethod java/util/WeakHashMap transfer ([Ljava/util/WeakHashMap$Entry;[Ljava/util/WeakHashMap$Entry;)V 0 0 1 0 -1
ciMethod java/util/Arrays copyOf ([BI)[B 2097 1 10837 0 0
ciMethod java/util/Arrays copyOf ([CI)[C 2097 1 10433 0 0
ciMethod java/util/Arrays copyOfRange ([CII)[C 2161 1 5417 0 448
ciMethod sun/misc/ASCIICaseInsensitiveComparator compare (Ljava/lang/String;Ljava/lang/String;)I 4097 6513 12803 0 -1
ciMethod sun/misc/ASCIICaseInsensitiveComparator lowerCaseHashCode (Ljava/lang/String;)I 1249 19801 508 0 0
ciMethod sun/misc/ASCIICaseInsensitiveComparator isUpper (I)Z 4097 1 31873 0 -1
ciMethod sun/misc/ASCIICaseInsensitiveComparator toLower (I)I 4097 1 31873 0 64
ciMethod sun/misc/ASCIICaseInsensitiveComparator compare (Ljava/lang/Object;Ljava/lang/Object;)I 4097 1 13253 0 864
ciMethodData java/lang/String charAt (I)C 2 326765 orig 264 104 158 37 84 0 0 0 0 56 61 174 22 0 0 0 0 120 1 0 0 32 0 0 0 0 0 0 0 0 0 0 0 0 0 0 0 0 0 0 0 0 0 0 0 0 0 0 0 0 0 0 0 0 0 0 0 0 0 0 0 0 0 0 0 0 0 0 0 0 0 0 0 0 0 0 0 0 0 0 0 77 68 79 32 101 120 116 114 97 32 100 97 116 97 32 108 111 99 107 0 0 0 0 0 0 0 0 0 0 0 0 0 0 0 0 0 0 0 0 0 0 0 0 0 0 0 0 0 0 0 0 0 0 0 0 0 0 0 0 0 0 0 0 0 0 0 0 0 0 0 0 0 0 0 0 0 0 0 0 0 0 0 0 0 0 0 0 0 0 0 0 0 0 0 0 0 0 0 0 0 0 0 0 0 25 0 0 0 0 0 0 0 0 0 0 0 0 0 0 0 1 0 0 0 0 0 0 0 0 0 0 0 0 0 0 0 0 2 0 0 105 211 39 0 1 0 0 0 0 0 0 0 0 0 0 0 2 0 0 0 0 0 0 0 4 0 1 0 80 0 0 0 255 255 255 255 7 0 1 0 0 0 0 0 data 10 0x10007 0x0 0x40 0x4fa6d 0xa0007 0x4fa6d 0x30 0x0 0x120002 0x0 oops 0
ciMethodData java/lang/String length ()I 2 83900 orig 264 104 158 37 84 0 0 0 0 232 59 174 22 0 0 0 0 32 1 0 0 0 0 0 0 0 0 0 0 0 0 0 0 0 0 0 0 0 0 0 0 0 0 0 0 0 0 0 0 0 0 0 0 0 0 0 0 0 0 0 0 0 0 0 0 0 0 0 0 0 0 0 0 0 0 0 0 0 0 0 0 77 68 79 32 101 120 116 114 97 32 100 97 116 97 32 108 111 99 107 0 0 0 0 0 0 0 0 0 0 0 0 0 0 0 0 0 0 0 0 0 0 0 0 0 0 0 0 0 0 0 0 0 0 0 0 0 0 0 0 0 0 0 0 0 0 0 0 0 0 0 0 0 0 0 0 0 0 0 0 0 0 0 0 0 0 0 0 0 0 0 0 0 0 0 0 0 0 0 0 0 0 0 0 0 1 0 0 0 0 0 0 0 0 0 0 0 0 0 0 0 1 0 0 0 0 0 0 0 0 0 0 0 0 0 0 0 0 2 0 0 225 45 10 0 1 0 0 0 0 0 0 0 0 0 0 0 2 0 0 0 0 0 0 0 4 0 1 0 0 0 0 0 255 255 255 255 0 0 0 0 0 0 0 0 data 0 oops 0
ciMethodData sun/misc/ASCIICaseInsensitiveComparator toLower (I)I 2 32158 orig 264 104 158 37 84 0 0 0 0 16 130 191 22 0 0 0 0 144 1 0 0 0 0 0 0 0 0 0 0 0 0 0 0 0 0 0 0 0 0 0 0 0 0 0 0 0 0 0 0 0 0 0 0 0 0 0 0 0 0 0 0 0 0 0 0 0 0 0 0 0 0 0 0 0 0 0 0 0 0 0 0 77 68 79 32 101 120 116 114 97 32 100 97 116 97 32 108 111 99 107 0 0 0 0 0 0 0 0 0 0 0 0 0 0 0 0 0 0 0 0 0 0 0 0 0 0 0 0 0 0 0 0 0 0 0 0 0 0 0 0 0 0 0 0 0 0 0 0 0 0 0 0 0 0 0 0 0 0 0 0 0 0 0 0 0 0 0 0 0 0 0 0 0 0 0 0 0 0 0 0 0 0 0 0 0 0 0 0 0 0 0 0 0 0 0 0 0 0 0 0 0 0 0 0 0 0 0 0 0 0 0 0 0 0 0 0 0 0 2 0 0 241 220 3 0 1 0 0 0 0 0 0 0 0 0 0 0 2 0 0 0 0 0 0 0 4 0 1 0 72 0 0 0 255 255 255 255 2 0 1 0 0 0 0 0 data 9 0x10002 0x7b9e 0x40007 0x62a3 0x38 0x18fb 0xb0003 0x18fb 0x18 oops 0
ciMethodData sun/misc/ASCIICaseInsensitiveComparator compare (Ljava/lang/Object;Ljava/lang/Object;)I 2 13259 orig 264 104 158 37 84 0 0 0 0 80 131 191 22 0 0 0 0 232 1 0 0 0 0 0 0 0 0 0 0 0 0 0 0 0 0 0 0 0 0 0 0 0 0 0 0 0 0 0 0 0 0 0 0 0 0 0 0 0 0 0 0 0 0 0 0 0 0 0 0 0 0 0 0 0 0 0 0 0 0 0 0 77 68 79 32 101 120 116 114 97 32 100 97 116 97 32 108 111 99 107 0 0 0 0 0 0 0 0 0 0 0 0 0 0 0 0 0 0 0 0 0 0 0 0 0 0 0 0 0 0 0 0 0 0 0 0 0 0 0 0 0 0 0 0 0 0 0 0 0 0 0 0 0 0 0 0 0 0 0 0 0 0 0 0 0 0 0 0 0 0 0 0 0 0 0 0 0 0 0 0 0 0 0 0 0 0 0 0 0 0 0 0 0 0 0 0 0 0 0 0 0 0 0 0 0 0 0 0 0 0 0 0 0 0 0 0 0 0 2 0 0 89 142 1 0 1 0 0 0 0 0 0 0 0 0 0 0 2 0 0 0 0 0 0 0 4 0 1 0 144 0 0 0 255 255 255 255 4 0 2 0 0 0 0 0 data 18 0x20004 0x0 0x173b40b0 0x3003 0x0 0x0 0x60004 0x0 0x173b40b0 0x3003 0x0 0x0 0x90005 0x0 0x19cd9c60 0x31cb 0x0 0x0 oops 3